<?xml version="1.0" encoding="UTF-8"?>
<testsuite xmlns:xsi="http://www.w3.org/2001/XMLSchema-instance" xsi:noNamespaceSchemaLocation="https://maven.apache.org/surefire/maven-surefire-plugin/xsd/surefire-test-report-3.0.xsd" version="3.0" name="UsersTest" time="0.037" tests="1" errors="0" skipped="0" failures="0">
  <properties>
    <property name="sun.desktop" value="windows"/>
    <property name="awt.toolkit" value="sun.awt.windows.WToolkit"/>
    <property name="file.encoding.pkg" value="sun.io"/>
    <property name="java.specification.version" value="1.8"/>
    <property name="sun.cpu.isalist" value="amd64"/>
    <property name="sun.jnu.encoding" value="GBK"/>
    <property name="java.class.path" value="D:\github\javaSpringDemo\target\test-classes;D:\github\javaSpringDemo\target\classes;D:\maven-3.9.6\repository\org\springframework\spring-context\5.3.23\spring-context-5.3.23.jar;D:\maven-3.9.6\repository\org\springframework\spring-aop\5.3.23\spring-aop-5.3.23.jar;D:\maven-3.9.6\repository\org\springframework\spring-beans\5.3.23\spring-beans-5.3.23.jar;D:\maven-3.9.6\repository\org\springframework\spring-core\5.3.23\spring-core-5.3.23.jar;D:\maven-3.9.6\repository\org\springframework\spring-jcl\5.3.23\spring-jcl-5.3.23.jar;D:\maven-3.9.6\repository\org\springframework\spring-expression\5.3.23\spring-expression-5.3.23.jar;D:\maven-3.9.6\repository\org\springframework\boot\spring-boot-starter-web\2.7.0\spring-boot-starter-web-2.7.0.jar;D:\maven-3.9.6\repository\org\springframework\boot\spring-boot-starter\2.7.0\spring-boot-starter-2.7.0.jar;D:\maven-3.9.6\repository\org\springframework\boot\spring-boot\2.7.0\spring-boot-2.7.0.jar;D:\maven-3.9.6\repository\org\springframework\boot\spring-boot-autoconfigure\2.7.0\spring-boot-autoconfigure-2.7.0.jar;D:\maven-3.9.6\repository\org\springframework\boot\spring-boot-starter-logging\2.7.0\spring-boot-starter-logging-2.7.0.jar;D:\maven-3.9.6\repository\ch\qos\logback\logback-classic\1.2.11\logback-classic-1.2.11.jar;D:\maven-3.9.6\repository\ch\qos\logback\logback-core\1.2.11\logback-core-1.2.11.jar;D:\maven-3.9.6\repository\org\apache\logging\log4j\log4j-to-slf4j\2.17.2\log4j-to-slf4j-2.17.2.jar;D:\maven-3.9.6\repository\org\apache\logging\log4j\log4j-api\2.17.2\log4j-api-2.17.2.jar;D:\maven-3.9.6\repository\org\slf4j\jul-to-slf4j\1.7.36\jul-to-slf4j-1.7.36.jar;D:\maven-3.9.6\repository\jakarta\annotation\jakarta.annotation-api\1.3.5\jakarta.annotation-api-1.3.5.jar;D:\maven-3.9.6\repository\org\yaml\snakeyaml\1.30\snakeyaml-1.30.jar;D:\maven-3.9.6\repository\org\springframework\boot\spring-boot-starter-json\2.7.0\spring-boot-starter-json-2.7.0.jar;D:\maven-3.9.6\repository\com\fasterxml\jackson\core\jackson-databind\2.13.3\jackson-databind-2.13.3.jar;D:\maven-3.9.6\repository\com\fasterxml\jackson\core\jackson-annotations\2.13.3\jackson-annotations-2.13.3.jar;D:\maven-3.9.6\repository\com\fasterxml\jackson\core\jackson-core\2.13.3\jackson-core-2.13.3.jar;D:\maven-3.9.6\repository\com\fasterxml\jackson\datatype\jackson-datatype-jdk8\2.13.3\jackson-datatype-jdk8-2.13.3.jar;D:\maven-3.9.6\repository\com\fasterxml\jackson\datatype\jackson-datatype-jsr310\2.13.3\jackson-datatype-jsr310-2.13.3.jar;D:\maven-3.9.6\repository\com\fasterxml\jackson\module\jackson-module-parameter-names\2.13.3\jackson-module-parameter-names-2.13.3.jar;D:\maven-3.9.6\repository\org\springframework\boot\spring-boot-starter-tomcat\2.7.0\spring-boot-starter-tomcat-2.7.0.jar;D:\maven-3.9.6\repository\org\apache\tomcat\embed\tomcat-embed-core\9.0.63\tomcat-embed-core-9.0.63.jar;D:\maven-3.9.6\repository\org\apache\tomcat\embed\tomcat-embed-el\9.0.63\tomcat-embed-el-9.0.63.jar;D:\maven-3.9.6\repository\org\apache\tomcat\embed\tomcat-embed-websocket\9.0.63\tomcat-embed-websocket-9.0.63.jar;D:\maven-3.9.6\repository\org\springframework\spring-web\5.3.20\spring-web-5.3.20.jar;D:\maven-3.9.6\repository\org\springframework\spring-webmvc\5.3.20\spring-webmvc-5.3.20.jar;D:\maven-3.9.6\repository\org\springframework\spring-tx\5.2.5.RELEASE\spring-tx-5.2.5.RELEASE.jar;D:\maven-3.9.6\repository\org\springframework\spring-jdbc\5.3.15\spring-jdbc-5.3.15.jar;D:\maven-3.9.6\repository\com\alibaba\druid\1.1.12\druid-1.1.12.jar;D:\maven-3.9.6\repository\org\mybatis\mybatis\3.5.9\mybatis-3.5.9.jar;D:\maven-3.9.6\repository\org\mybatis\spring\boot\mybatis-spring-boot-starter\2.2.2\mybatis-spring-boot-starter-2.2.2.jar;D:\maven-3.9.6\repository\org\springframework\boot\spring-boot-starter-jdbc\2.6.3\spring-boot-starter-jdbc-2.6.3.jar;D:\maven-3.9.6\repository\com\zaxxer\HikariCP\4.0.3\HikariCP-4.0.3.jar;D:\maven-3.9.6\repository\org\mybatis\spring\boot\mybatis-spring-boot-autoconfigure\2.2.2\mybatis-spring-boot-autoconfigure-2.2.2.jar;D:\maven-3.9.6\repository\org\mybatis\mybatis-spring\2.0.7\mybatis-spring-2.0.7.jar;D:\maven-3.9.6\repository\com\mysql\mysql-connector-j\8.0.33\mysql-connector-j-8.0.33.jar;D:\maven-3.9.6\repository\com\google\protobuf\protobuf-java\3.21.9\protobuf-java-3.21.9.jar;D:\maven-3.9.6\repository\org\projectlombok\lombok\1.18.24\lombok-1.18.24.jar;D:\maven-3.9.6\repository\junit\junit\4.13.2\junit-4.13.2.jar;D:\maven-3.9.6\repository\org\hamcrest\hamcrest-core\1.3\hamcrest-core-1.3.jar;D:\maven-3.9.6\repository\org\springframework\boot\spring-boot-starter-data-jpa\3.2.4\spring-boot-starter-data-jpa-3.2.4.jar;D:\maven-3.9.6\repository\org\springframework\boot\spring-boot-starter-aop\3.2.4\spring-boot-starter-aop-3.2.4.jar;D:\maven-3.9.6\repository\org\aspectj\aspectjweaver\1.9.21\aspectjweaver-1.9.21.jar;D:\maven-3.9.6\repository\org\hibernate\orm\hibernate-core\6.4.4.Final\hibernate-core-6.4.4.Final.jar;D:\maven-3.9.6\repository\jakarta\persistence\jakarta.persistence-api\3.1.0\jakarta.persistence-api-3.1.0.jar;D:\maven-3.9.6\repository\jakarta\transaction\jakarta.transaction-api\2.0.1\jakarta.transaction-api-2.0.1.jar;D:\maven-3.9.6\repository\org\jboss\logging\jboss-logging\3.5.0.Final\jboss-logging-3.5.0.Final.jar;D:\maven-3.9.6\repository\org\hibernate\common\hibernate-commons-annotations\6.0.6.Final\hibernate-commons-annotations-6.0.6.Final.jar;D:\maven-3.9.6\repository\io\smallrye\jandex\3.1.2\jandex-3.1.2.jar;D:\maven-3.9.6\repository\com\fasterxml\classmate\1.5.1\classmate-1.5.1.jar;D:\maven-3.9.6\repository\net\bytebuddy\byte-buddy\1.14.11\byte-buddy-1.14.11.jar;D:\maven-3.9.6\repository\jakarta\xml\bind\jakarta.xml.bind-api\4.0.0\jakarta.xml.bind-api-4.0.0.jar;D:\maven-3.9.6\repository\jakarta\activation\jakarta.activation-api\2.1.0\jakarta.activation-api-2.1.0.jar;D:\maven-3.9.6\repository\org\glassfish\jaxb\jaxb-runtime\4.0.2\jaxb-runtime-4.0.2.jar;D:\maven-3.9.6\repository\org\glassfish\jaxb\jaxb-core\4.0.2\jaxb-core-4.0.2.jar;D:\maven-3.9.6\repository\org\eclipse\angus\angus-activation\2.0.0\angus-activation-2.0.0.jar;D:\maven-3.9.6\repository\org\glassfish\jaxb\txw2\4.0.2\txw2-4.0.2.jar;D:\maven-3.9.6\repository\com\sun\istack\istack-commons-runtime\4.1.1\istack-commons-runtime-4.1.1.jar;D:\maven-3.9.6\repository\jakarta\inject\jakarta.inject-api\2.0.1\jakarta.inject-api-2.0.1.jar;D:\maven-3.9.6\repository\org\antlr\antlr4-runtime\4.13.0\antlr4-runtime-4.13.0.jar;D:\maven-3.9.6\repository\org\springframework\data\spring-data-jpa\3.2.4\spring-data-jpa-3.2.4.jar;D:\maven-3.9.6\repository\org\springframework\data\spring-data-commons\3.2.4\spring-data-commons-3.2.4.jar;D:\maven-3.9.6\repository\org\springframework\spring-orm\6.1.5\spring-orm-6.1.5.jar;D:\maven-3.9.6\repository\org\springframework\spring-aspects\6.1.5\spring-aspects-6.1.5.jar;D:\maven-3.9.6\repository\org\slf4j\slf4j-api\1.7.30\slf4j-api-1.7.30.jar;D:\maven-3.9.6\repository\org\slf4j\slf4j-log4j12\1.7.30\slf4j-log4j12-1.7.30.jar;D:\maven-3.9.6\repository\log4j\log4j\1.2.17\log4j-1.2.17.jar;"/>
    <property name="java.vm.vendor" value="Amazon.com Inc."/>
    <property name="sun.arch.data.model" value="64"/>
    <property name="user.variant" value=""/>
    <property name="java.vendor.url" value="https://aws.amazon.com/corretto/"/>
    <property name="user.timezone" value="Asia/Shanghai"/>
    <property name="java.vm.specification.version" value="1.8"/>
    <property name="os.name" value="Windows 11"/>
    <property name="user.country" value="CN"/>
    <property name="sun.java.launcher" value="SUN_STANDARD"/>
    <property name="sun.boot.library.path" value="C:\Users\94744\.jdks\corretto-1.8.0_402\jre\bin"/>
    <property name="sun.java.command" value="C:\Users\94744\AppData\Local\Temp\surefire1309653501118032674\surefirebooter-20240328000619092_3.jar C:\Users\94744\AppData\Local\Temp\surefire1309653501118032674 2024-03-28T00-06-18_729-jvmRun1 surefire-20240328000619092_1tmp surefire_0-20240328000619092_2tmp"/>
    <property name="surefire.test.class.path" value="D:\github\javaSpringDemo\target\test-classes;D:\github\javaSpringDemo\target\classes;D:\maven-3.9.6\repository\org\springframework\spring-context\5.3.23\spring-context-5.3.23.jar;D:\maven-3.9.6\repository\org\springframework\spring-aop\5.3.23\spring-aop-5.3.23.jar;D:\maven-3.9.6\repository\org\springframework\spring-beans\5.3.23\spring-beans-5.3.23.jar;D:\maven-3.9.6\repository\org\springframework\spring-core\5.3.23\spring-core-5.3.23.jar;D:\maven-3.9.6\repository\org\springframework\spring-jcl\5.3.23\spring-jcl-5.3.23.jar;D:\maven-3.9.6\repository\org\springframework\spring-expression\5.3.23\spring-expression-5.3.23.jar;D:\maven-3.9.6\repository\org\springframework\boot\spring-boot-starter-web\2.7.0\spring-boot-starter-web-2.7.0.jar;D:\maven-3.9.6\repository\org\springframework\boot\spring-boot-starter\2.7.0\spring-boot-starter-2.7.0.jar;D:\maven-3.9.6\repository\org\springframework\boot\spring-boot\2.7.0\spring-boot-2.7.0.jar;D:\maven-3.9.6\repository\org\springframework\boot\spring-boot-autoconfigure\2.7.0\spring-boot-autoconfigure-2.7.0.jar;D:\maven-3.9.6\repository\org\springframework\boot\spring-boot-starter-logging\2.7.0\spring-boot-starter-logging-2.7.0.jar;D:\maven-3.9.6\repository\ch\qos\logback\logback-classic\1.2.11\logback-classic-1.2.11.jar;D:\maven-3.9.6\repository\ch\qos\logback\logback-core\1.2.11\logback-core-1.2.11.jar;D:\maven-3.9.6\repository\org\apache\logging\log4j\log4j-to-slf4j\2.17.2\log4j-to-slf4j-2.17.2.jar;D:\maven-3.9.6\repository\org\apache\logging\log4j\log4j-api\2.17.2\log4j-api-2.17.2.jar;D:\maven-3.9.6\repository\org\slf4j\jul-to-slf4j\1.7.36\jul-to-slf4j-1.7.36.jar;D:\maven-3.9.6\repository\jakarta\annotation\jakarta.annotation-api\1.3.5\jakarta.annotation-api-1.3.5.jar;D:\maven-3.9.6\repository\org\yaml\snakeyaml\1.30\snakeyaml-1.30.jar;D:\maven-3.9.6\repository\org\springframework\boot\spring-boot-starter-json\2.7.0\spring-boot-starter-json-2.7.0.jar;D:\maven-3.9.6\repository\com\fasterxml\jackson\core\jackson-databind\2.13.3\jackson-databind-2.13.3.jar;D:\maven-3.9.6\repository\com\fasterxml\jackson\core\jackson-annotations\2.13.3\jackson-annotations-2.13.3.jar;D:\maven-3.9.6\repository\com\fasterxml\jackson\core\jackson-core\2.13.3\jackson-core-2.13.3.jar;D:\maven-3.9.6\repository\com\fasterxml\jackson\datatype\jackson-datatype-jdk8\2.13.3\jackson-datatype-jdk8-2.13.3.jar;D:\maven-3.9.6\repository\com\fasterxml\jackson\datatype\jackson-datatype-jsr310\2.13.3\jackson-datatype-jsr310-2.13.3.jar;D:\maven-3.9.6\repository\com\fasterxml\jackson\module\jackson-module-parameter-names\2.13.3\jackson-module-parameter-names-2.13.3.jar;D:\maven-3.9.6\repository\org\springframework\boot\spring-boot-starter-tomcat\2.7.0\spring-boot-starter-tomcat-2.7.0.jar;D:\maven-3.9.6\repository\org\apache\tomcat\embed\tomcat-embed-core\9.0.63\tomcat-embed-core-9.0.63.jar;D:\maven-3.9.6\repository\org\apache\tomcat\embed\tomcat-embed-el\9.0.63\tomcat-embed-el-9.0.63.jar;D:\maven-3.9.6\repository\org\apache\tomcat\embed\tomcat-embed-websocket\9.0.63\tomcat-embed-websocket-9.0.63.jar;D:\maven-3.9.6\repository\org\springframework\spring-web\5.3.20\spring-web-5.3.20.jar;D:\maven-3.9.6\repository\org\springframework\spring-webmvc\5.3.20\spring-webmvc-5.3.20.jar;D:\maven-3.9.6\repository\org\springframework\spring-tx\5.2.5.RELEASE\spring-tx-5.2.5.RELEASE.jar;D:\maven-3.9.6\repository\org\springframework\spring-jdbc\5.3.15\spring-jdbc-5.3.15.jar;D:\maven-3.9.6\repository\com\alibaba\druid\1.1.12\druid-1.1.12.jar;D:\maven-3.9.6\repository\org\mybatis\mybatis\3.5.9\mybatis-3.5.9.jar;D:\maven-3.9.6\repository\org\mybatis\spring\boot\mybatis-spring-boot-starter\2.2.2\mybatis-spring-boot-starter-2.2.2.jar;D:\maven-3.9.6\repository\org\springframework\boot\spring-boot-starter-jdbc\2.6.3\spring-boot-starter-jdbc-2.6.3.jar;D:\maven-3.9.6\repository\com\zaxxer\HikariCP\4.0.3\HikariCP-4.0.3.jar;D:\maven-3.9.6\repository\org\mybatis\spring\boot\mybatis-spring-boot-autoconfigure\2.2.2\mybatis-spring-boot-autoconfigure-2.2.2.jar;D:\maven-3.9.6\repository\org\mybatis\mybatis-spring\2.0.7\mybatis-spring-2.0.7.jar;D:\maven-3.9.6\repository\com\mysql\mysql-connector-j\8.0.33\mysql-connector-j-8.0.33.jar;D:\maven-3.9.6\repository\com\google\protobuf\protobuf-java\3.21.9\protobuf-java-3.21.9.jar;D:\maven-3.9.6\repository\org\projectlombok\lombok\1.18.24\lombok-1.18.24.jar;D:\maven-3.9.6\repository\junit\junit\4.13.2\junit-4.13.2.jar;D:\maven-3.9.6\repository\org\hamcrest\hamcrest-core\1.3\hamcrest-core-1.3.jar;D:\maven-3.9.6\repository\org\springframework\boot\spring-boot-starter-data-jpa\3.2.4\spring-boot-starter-data-jpa-3.2.4.jar;D:\maven-3.9.6\repository\org\springframework\boot\spring-boot-starter-aop\3.2.4\spring-boot-starter-aop-3.2.4.jar;D:\maven-3.9.6\repository\org\aspectj\aspectjweaver\1.9.21\aspectjweaver-1.9.21.jar;D:\maven-3.9.6\repository\org\hibernate\orm\hibernate-core\6.4.4.Final\hibernate-core-6.4.4.Final.jar;D:\maven-3.9.6\repository\jakarta\persistence\jakarta.persistence-api\3.1.0\jakarta.persistence-api-3.1.0.jar;D:\maven-3.9.6\repository\jakarta\transaction\jakarta.transaction-api\2.0.1\jakarta.transaction-api-2.0.1.jar;D:\maven-3.9.6\repository\org\jboss\logging\jboss-logging\3.5.0.Final\jboss-logging-3.5.0.Final.jar;D:\maven-3.9.6\repository\org\hibernate\common\hibernate-commons-annotations\6.0.6.Final\hibernate-commons-annotations-6.0.6.Final.jar;D:\maven-3.9.6\repository\io\smallrye\jandex\3.1.2\jandex-3.1.2.jar;D:\maven-3.9.6\repository\com\fasterxml\classmate\1.5.1\classmate-1.5.1.jar;D:\maven-3.9.6\repository\net\bytebuddy\byte-buddy\1.14.11\byte-buddy-1.14.11.jar;D:\maven-3.9.6\repository\jakarta\xml\bind\jakarta.xml.bind-api\4.0.0\jakarta.xml.bind-api-4.0.0.jar;D:\maven-3.9.6\repository\jakarta\activation\jakarta.activation-api\2.1.0\jakarta.activation-api-2.1.0.jar;D:\maven-3.9.6\repository\org\glassfish\jaxb\jaxb-runtime\4.0.2\jaxb-runtime-4.0.2.jar;D:\maven-3.9.6\repository\org\glassfish\jaxb\jaxb-core\4.0.2\jaxb-core-4.0.2.jar;D:\maven-3.9.6\repository\org\eclipse\angus\angus-activation\2.0.0\angus-activation-2.0.0.jar;D:\maven-3.9.6\repository\org\glassfish\jaxb\txw2\4.0.2\txw2-4.0.2.jar;D:\maven-3.9.6\repository\com\sun\istack\istack-commons-runtime\4.1.1\istack-commons-runtime-4.1.1.jar;D:\maven-3.9.6\repository\jakarta\inject\jakarta.inject-api\2.0.1\jakarta.inject-api-2.0.1.jar;D:\maven-3.9.6\repository\org\antlr\antlr4-runtime\4.13.0\antlr4-runtime-4.13.0.jar;D:\maven-3.9.6\repository\org\springframework\data\spring-data-jpa\3.2.4\spring-data-jpa-3.2.4.jar;D:\maven-3.9.6\repository\org\springframework\data\spring-data-commons\3.2.4\spring-data-commons-3.2.4.jar;D:\maven-3.9.6\repository\org\springframework\spring-orm\6.1.5\spring-orm-6.1.5.jar;D:\maven-3.9.6\repository\org\springframework\spring-aspects\6.1.5\spring-aspects-6.1.5.jar;D:\maven-3.9.6\repository\org\slf4j\slf4j-api\1.7.30\slf4j-api-1.7.30.jar;D:\maven-3.9.6\repository\org\slf4j\slf4j-log4j12\1.7.30\slf4j-log4j12-1.7.30.jar;D:\maven-3.9.6\repository\log4j\log4j\1.2.17\log4j-1.2.17.jar;"/>
    <property name="sun.cpu.endian" value="little"/>
    <property name="user.home" value="C:\Users\94744"/>
    <property name="user.language" value="zh"/>
    <property name="java.specification.vendor" value="Oracle Corporation"/>
    <property name="java.home" value="C:\Users\94744\.jdks\corretto-1.8.0_402\jre"/>
    <property name="basedir" value="D:\github\javaSpringDemo"/>
    <property name="file.separator" value="\"/>
    <property name="line.separator" value="&#10;"/>
    <property name="java.vm.specification.vendor" value="Oracle Corporation"/>
    <property name="java.specification.name" value="Java Platform API Specification"/>
    <property name="java.awt.graphicsenv" value="sun.awt.Win32GraphicsEnvironment"/>
    <property name="surefire.real.class.path" value="C:\Users\94744\AppData\Local\Temp\surefire1309653501118032674\surefirebooter-20240328000619092_3.jar"/>
    <property name="sun.boot.class.path" value="C:\Users\94744\.jdks\corretto-1.8.0_402\jre\lib\resources.jar;C:\Users\94744\.jdks\corretto-1.8.0_402\jre\lib\rt.jar;C:\Users\94744\.jdks\corretto-1.8.0_402\jre\lib\sunrsasign.jar;C:\Users\94744\.jdks\corretto-1.8.0_402\jre\lib\jsse.jar;C:\Users\94744\.jdks\corretto-1.8.0_402\jre\lib\jce.jar;C:\Users\94744\.jdks\corretto-1.8.0_402\jre\lib\charsets.jar;C:\Users\94744\.jdks\corretto-1.8.0_402\jre\lib\jfr.jar;C:\Users\94744\.jdks\corretto-1.8.0_402\jre\classes"/>
    <property name="user.script" value=""/>
    <property name="sun.management.compiler" value="HotSpot 64-Bit Tiered Compilers"/>
    <property name="java.runtime.version" value="1.8.0_402-b08"/>
    <property name="user.name" value="94744"/>
    <property name="path.separator" value=";"/>
    <property name="os.version" value="10.0"/>
    <property name="java.endorsed.dirs" value="C:\Users\94744\.jdks\corretto-1.8.0_402\jre\lib\endorsed"/>
    <property name="java.runtime.name" value="OpenJDK Runtime Environment"/>
    <property name="file.encoding" value="UTF-8"/>
    <property name="java.vm.name" value="OpenJDK 64-Bit Server VM"/>
    <property name="localRepository" value="D:\maven-3.9.6\repository"/>
    <property name="java.vendor.url.bug" value="https://github.com/corretto/corretto-8/issues/"/>
    <property name="java.io.tmpdir" value="C:\Users\94744\AppData\Local\Temp\"/>
    <property name="idea.version" value="2023.2"/>
    <property name="java.version" value="1.8.0_402"/>
    <property name="user.dir" value="D:\github\javaSpringDemo"/>
    <property name="os.arch" value="amd64"/>
    <property name="java.vm.specification.name" value="Java Virtual Machine Specification"/>
    <property name="java.awt.printerjob" value="sun.awt.windows.WPrinterJob"/>
    <property name="sun.os.patch.level" value=""/>
    <property name="java.library.path" value="C:\Users\94744\.jdks\corretto-1.8.0_402\jre\bin;C:\WINDOWS\Sun\Java\bin;C:\WINDOWS\system32;C:\WINDOWS;C:\Program Files\Microsoft MPI\Bin\;C:\Program Files\Eclipse Adoptium\jdk-8.0.392.8-hotspot\bin;C:\Program Files (x86)\VMware\VMware Workstation\bin\;C:\Program Files\NVIDIA GPU Computing Toolkit\CUDA\v12.2\bin;C:\Program Files\NVIDIA GPU Computing Toolkit\CUDA\v12.2\libnvvp;C:\Program Files\Microsoft\jdk-11.0.16.101-hotspot\bin;C:\WINDOWS\system32;C:\WINDOWS;C:\WINDOWS\System32\Wbem;C:\WINDOWS\System32\WindowsPowerShell\v1.0\;C:\WINDOWS\System32\OpenSSH\;C:\Program Files\Microsoft SQL Server\150\Tools\Binn\;C:\Program Files\Microsoft SQL Server\Client SDK\ODBC\170\Tools\Binn\;C:\Program Files\dotnet\;C:\Program Files\NVIDIA Corporation\NVIDIA NvDLISR;C:\Program Files\NVIDIA Corporation\Nsight Compute 2023.2.1\;C:\Program Files (x86)\NVIDIA Corporation\PhysX\Common;C:\Program Files\GitHub CLI\;C:\Program Files\Git\cmd;C:\Program Files\Git LFS;C:\Program Files\PuTTY\;C:\Program Files\CMake\bin;C:\Program Files\MySQL\MySQL Server 8.0;C:\Program Files\MySQL\MySQL Server 8.0\bin;C:\Program Files\MySQL\MySQL Server 8.0\include;%MAKE%;D:\msys64\mingw64\bin;D:\msys64\usr\bin;D:\msys64\ucrt64\bin;C:\Program Files\DTN\IQFeed;C:\Program Files\Docker\Docker\resources\bin;C:\Users\94744\AppData\Roaming\nvm;C:\Program Files\nodejs;D:\gradle-8.5\bin;C:\Program Files (x86)\Tencent\寰俊web寮�鍙戣�呭伐鍏穃dll;C:\Program Files (x86)\Microsoft SQL Server\100\Tools\Binn\;C:\Program Files\Microsoft SQL Server\100\Tools\Binn\;C:\Program Files\Microsoft SQL Server\100\DTS\Binn\;C:\Program Files (x86)\Microsoft SQL Server\100\Tools\Binn\VSShell\Common7\IDE\;C:\Program Files (x86)\Microsoft SQL Server\100\DTS\Binn\;C:\Program Files (x86)\Microsoft Visual Studio 9.0\Common7\IDE\PrivateAssemblies\;C:\Program Files\Microsoft SQL Server\130\Tools\Binn\;C:\Program Files (x86)\Windows Kits\10\Windows Performance Toolkit\;C:\Users\94744\AppData\Roaming\npm;C:\Users\94744\AppData\Local\NVIDIA\ChatWithRTX\env_nvd_rag\Lib\site-packages\torch\lib;C:\Program Files\Eclipse Adoptium\jdk-8.0.392.8-hotspot\bin;D:\maven-3.9.6\bin;C:\Program Files\MySQL\MySQL Shell 8.0\bin\;C:\Users\94744\miniconda3;C:\Users\94744\miniconda3\Library\mingw-w64\bin;C:\Users\94744\miniconda3\Library\usr\bin;C:\Users\94744\miniconda3\Library\bin;C:\Users\94744\miniconda3\Scripts;C:\Users\94744\AppData\Local\Microsoft\WindowsApps;C:\Users\94744\AppData\Local\JetBrains\Toolbox\scripts;C:\Users\94744\AppData\Local\Programs\Microsoft VS Code\bin;C:\Users\94744\AppData\Local\Microsoft\WindowsApps;C:\Users\94744\AppData\Local\GitHubDesktop\bin;C:\Program Files\heroku\bin;C:\Users\94744\.dotnet\tools;C:\Users\94744\AppData\Local\gitkraken\bin;."/>
    <property name="java.vm.info" value="mixed mode"/>
    <property name="java.vendor" value="Amazon.com Inc."/>
    <property name="java.vm.version" value="25.402-b08"/>
    <property name="java.specification.maintenance.version" value="5"/>
    <property name="java.ext.dirs" value="C:\Users\94744\.jdks\corretto-1.8.0_402\jre\lib\ext;C:\WINDOWS\Sun\Java\lib\ext"/>
    <property name="sun.io.unicode.encoding" value="UnicodeLittle"/>
    <property name="maven.repo.local" value="D:\maven-3.9.6\repository"/>
    <property name="java.class.version" value="52.0"/>
  </properties>
  <testcase name="test" classname="UsersTest" time="0.002"/>
</testsuite>